Arguments: 
  C:\Program Files\nodejs\node.exe C:\Program Files (x86)\Yarn\bin\yarn.js

PATH: 
  C:\Python310\Scripts\;C:\Python310\;C:\Windows\system32;C:\Windows;C:\Windows\System32\Wbem;C:\Windows\System32\WindowsPowerShell\v1.0\;C:\Windows\System32\OpenSSH\;D:\software\Git\cmd;C:\Program Files (x86)\Yarn\bin\;D:\software\nvm;C:\Program Files\nodejs;C:\Program Files\nodejs\;C:\ProgramData\chocolatey\bin;C:\Users\buzhi\AppData\Local\Microsoft\WindowsApps;D:\software\Microsoft VS Code\bin;C:\Users\buzhi\AppData\Local\Yarn\bin;D:\software\nvm;C:\Program Files\nodejs;C:\Users\buzhi\AppData\Roaming\npm

Yarn version: 
  1.22.5

Node version: 
  16.11.1

Platform: 
  win32 x64

Trace: 
  Error: EPERM: operation not permitted, unlink 'E:\personal-project\blog\node_modules\esbuild-windows-64\esbuild.exe'

npm manifest: 
  {
    "name": "blog",
    "version": "1.0.0",
    "main": "index.js",
    "license": "MIT",
    "scripts": {
      "serve": "vuepress dev docs",
      "build": "vuepress build docs"
    },
    "devDependencies": {
      "@vuepress/plugin-back-to-top": "^2.0.0-beta.29",
      "@vuepress/plugin-register-components": "^2.0.0-beta.32",
      "@vuepress/plugin-search": "^2.0.0-beta.29",
      "directory-tree": "^3.0.1",
      "vuepress": "^2.0.0-beta.29"
    }
  }

yarn manifest: 
  No manifest

Lockfile: 
  No lockfile
